PJ/app/build/intermediates/manifest_merge_blame_file/debug/manifest-merger-blame-debug-report.txt
1<?xml version="1.0" encoding="utf-8"?>
2<manifest xmlns:android="http://schemas.android.com/apk/res/android"
3    package="vn.edu.usth.pj"
4    android:versionCode="1"
5    android:versionName="1.0" >
6
7    <uses-sdk
8        android:minSdkVersion="21"
8-->src\main\AndroidManifest.xml
9        android:targetSdkVersion="30" />
9-->src\main\AndroidManifest.xml
10
11    <uses-permission android:name="android.permission.INTERNET" />
11-->src\main\AndroidManifest.xml:5:5-67
11-->src\main\AndroidManifest.xml:5:22-64
12
13    <application
13-->src\main\AndroidManifest.xml:7:5-48:19
14        android:allowBackup="true"
14-->src\main\AndroidManifest.xml:8:9-35
15        android:appComponentFactory="androidx.core.app.CoreComponentFactory"
15-->[androidx.core:core:1.5.0] AndroidManifest.xml:24:18-86
16        android:configChanges="orientation|screenSize|locale"
16-->src\main\AndroidManifest.xml:9:9-62
17        android:debuggable="true"
18        android:icon="@mipmap/ic_launcher"
18-->src\main\AndroidManifest.xml:10:9-43
19        android:label="@string/app_name"
19-->src\main\AndroidManifest.xml:11:9-41
20        android:roundIcon="@mipmap/ic_launcher_round"
20-->src\main\AndroidManifest.xml:12:9-54
21        android:supportsRtl="true"
21-->src\main\AndroidManifest.xml:13:9-35
22        android:testOnly="true"
23        android:theme="@style/Theme.PJ" >
23-->src\main\AndroidManifest.xml:14:9-40
24        <activity
24-->src\main\AndroidManifest.xml:15:9-24:20
25            android:name="vn.edu.usth.pj.SearchActivity.Searching_Activity"
25-->src\main\AndroidManifest.xml:16:13-62
26            android:configChanges="orientation|keyboardHidden|screenSize"
26-->src\main\AndroidManifest.xml:17:13-74
27            android:label="Searching" >
27-->src\main\AndroidManifest.xml:18:13-38
28            <intent-filter>
28-->src\main\AndroidManifest.xml:19:13-21:29
29                <action android:name="android.intent.action.SEARCH" />
29-->src\main\AndroidManifest.xml:20:17-71
29-->src\main\AndroidManifest.xml:20:25-68
30            </intent-filter>
31
32            <meta-data
32-->src\main\AndroidManifest.xml:22:13-23:53
33                android:name="android.app.searchable"
33-->src\main\AndroidManifest.xml:22:24-61
34                android:resource="@xml/searchable" />
34-->src\main\AndroidManifest.xml:23:17-51
35        </activity>
36        <activity
36-->src\main\AndroidManifest.xml:25:9-27:40
37            android:name="vn.edu.usth.pj.Register"
37-->src\main\AndroidManifest.xml:26:13-37
38            android:exported="false" />
38-->src\main\AndroidManifest.xml:27:13-37
39        <activity
39-->src\main\AndroidManifest.xml:28:9-35:20
40            android:name="vn.edu.usth.pj.SettingsActivity"
40-->src\main\AndroidManifest.xml:29:13-45
41            android:label="Settings"
41-->src\main\AndroidManifest.xml:30:13-37
42            android:parentActivityName="vn.edu.usth.pj.MainActivity.MainActivity" >
42-->src\main\AndroidManifest.xml:31:13-68
43            <meta-data
43-->src\main\AndroidManifest.xml:32:13-34:62
44                android:name="android.support.PARENT_ACTIVITY"
44-->src\main\AndroidManifest.xml:33:17-63
45                android:value=".MainActivity.MainActivity" />
45-->src\main\AndroidManifest.xml:34:17-59
46        </activity>
47        <activity
47-->src\main\AndroidManifest.xml:36:9-38:39
48            android:name="vn.edu.usth.pj.Article_Activity.Article_Page"
48-->src\main\AndroidManifest.xml:37:13-58
49            android:exported="true" />
49-->src\main\AndroidManifest.xml:38:13-36
50        <activity
50-->src\main\AndroidManifest.xml:39:9-47:20
51            android:name="vn.edu.usth.pj.MainActivity.MainActivity"
51-->src\main\AndroidManifest.xml:40:13-54
52            android:exported="true" >
52-->src\main\AndroidManifest.xml:41:13-36
53            <intent-filter>
53-->src\main\AndroidManifest.xml:42:13-46:29
54                <action android:name="android.intent.action.MAIN" />
54-->src\main\AndroidManifest.xml:43:17-69
54-->src\main\AndroidManifest.xml:43:25-66
55
56                <category android:name="android.intent.category.LAUNCHER" />
56-->src\main\AndroidManifest.xml:45:17-77
56-->src\main\AndroidManifest.xml:45:27-74
57            </intent-filter>
58        </activity>
59
60        <provider
60-->[com.squareup.picasso:picasso:2.71828] AndroidManifest.xml:8:9-11:40
61            android:name="com.squareup.picasso.PicassoProvider"
61-->[com.squareup.picasso:picasso:2.71828] AndroidManifest.xml:9:13-64
62            android:authorities="vn.edu.usth.pj.com.squareup.picasso"
62-->[com.squareup.picasso:picasso:2.71828] AndroidManifest.xml:10:13-72
63            android:exported="false" />
63-->[com.squareup.picasso:picasso:2.71828] AndroidManifest.xml:11:13-37
64
65        <service
65-->[androidx.room:room-runtime:2.2.5] AndroidManifest.xml:25:9-28:40
66            android:name="androidx.room.MultiInstanceInvalidationService"
66-->[androidx.room:room-runtime:2.2.5] AndroidManifest.xml:26:13-74
67            android:directBootAware="true"
67-->[androidx.room:room-runtime:2.2.5] AndroidManifest.xml:27:13-43
68            android:exported="false" />
68-->[androidx.room:room-runtime:2.2.5] AndroidManifest.xml:28:13-37
69    </application>
70
71</manifest>